#
# There is insufficient memory for the Java Runtime Environment to continue.
# Native memory allocation (mmap) failed to map 63438848 bytes for committing reserved memory.
# Possible reasons:
#   The system is out of physical RAM or swap space
#   In 32 bit mode, the process size limit was hit
# Possible solutions:
#   Reduce memory load on the system
#   Increase physical memory or swap space
#   Check if swap backing store is full
#   Use 64 bit Java on a 64 bit OS
#   Decrease Java heap size (-Xmx/-Xms)
#   Decrease number of Java threads
#   Decrease Java thread stack sizes (-Xss)
#   Set larger code cache with -XX:ReservedCodeCacheSize=
# This output file may be truncated or incomplete.
#
#  Out of Memory Error (os_linux.cpp:2627), pid=13767, tid=140477563873024
#
# JRE version: Java(TM) SE Runtime Environment (8.0_73-b02) (build 1.8.0_73-b02)
# Java VM: Java HotSpot(TM) 64-Bit Server VM (25.73-b02 mixed mode linux-amd64 compressed oops)
# Failed to write core dump. Core dumps have been disabled. To enable core dumping, try "ulimit -c unlimited" before starting Java again
#

---------------  T H R E A D  ---------------

Current thread (0x00007fc390079000):  VMThread [stack: 0x00007fc37b3b2000,0x00007fc37b4b3000] [id=13777]

Stack: [0x00007fc37b3b2000,0x00007fc37b4b3000],  sp=0x00007fc37b4b1160,  free space=1020k
Native frames: (J=compiled Java code, j=interpreted, Vv=VM code, C=native code)
V  [libjvm.so+0xaba71a]  VMError::report_and_die()+0x2ba
V  [libjvm.so+0x4f9ecb]  report_vm_out_of_memory(char const*, int, unsigned long, VMErrorType, char const*)+0x8b
V  [libjvm.so+0x91b553]  os::Linux::commit_memory_impl(char*, unsigned long, bool)+0x103
V  [libjvm.so+0x91baa9]  os::pd_commit_memory(char*, unsigned long, unsigned long, bool)+0x29
V  [libjvm.so+0x915dba]  os::commit_memory(char*, unsigned long, unsigned long, bool)+0x2a
V  [libjvm.so+0x989463]  PSVirtualSpace::expand_by(unsigned long)+0x53
V  [libjvm.so+0x98a868]  PSYoungGen::resize_generation(unsigned long, unsigned long)+0xf8
V  [libjvm.so+0x9899c2]  PSYoungGen::resize(unsigned long, unsigned long)+0x22
V  [libjvm.so+0x986c9b]  PSScavenge::invoke_no_policy()+0xf3b
V  [libjvm.so+0x987421]  PSScavenge::invoke()+0x41
V  [libjvm.so+0x93f1b0]  ParallelScavengeHeap::failed_mem_allocate(unsigned long)+0x70
V  [libjvm.so+0xabc137]  VM_ParallelGCFailedAllocation::doit()+0x97
V  [libjvm.so+0xac3b65]  VM_Operation::evaluate()+0x55
V  [libjvm.so+0xac1f3a]  VMThread::evaluate_operation(VM_Operation*)+0xba
V  [libjvm.so+0xac22be]  VMThread::loop()+0x1ce
V  [libjvm.so+0xac2730]  VMThread::run()+0x70
V  [libjvm.so+0x91d918]  java_start(Thread*)+0x108

VM_Operation (0x00007fc399b750a0): ParallelGCFailedAllocation, mode: safepoint, requested by thread 0x00007fc39000b800


---------------  P R O C E S S  ---------------

Java Threads: ( => current thread )
  0x00007fc3900c7000 JavaThread "Service Thread" daemon [_thread_blocked, id=13784, stack(0x00007fc37a5c9000,0x00007fc37a6ca000)]
  0x00007fc3900bc000 JavaThread "C1 CompilerThread2" daemon [_thread_blocked, id=13783, stack(0x00007fc37a6ca000,0x00007fc37a7cb000)]
  0x00007fc3900ba000 JavaThread "C2 CompilerThread1" daemon [_thread_blocked, id=13782, stack(0x00007fc37a7cb000,0x00007fc37a8cc000)]
  0x00007fc3900b7000 JavaThread "C2 CompilerThread0" daemon [_thread_blocked, id=13781, stack(0x00007fc37a8cc000,0x00007fc37a9cd000)]
  0x00007fc3900b6000 JavaThread "Signal Dispatcher" daemon [_thread_blocked, id=13780, stack(0x00007fc37a9cd000,0x00007fc37aace000)]
  0x00007fc390080000 JavaThread "Finalizer" daemon [_thread_blocked, id=13779, stack(0x00007fc37b1b0000,0x00007fc37b2b1000)]
  0x00007fc39007e000 JavaThread "Reference Handler" daemon [_thread_blocked, id=13778, stack(0x00007fc37b2b1000,0x00007fc37b3b2000)]
  0x00007fc39000b800 JavaThread "main" [_thread_blocked, id=13772, stack(0x00007fc399a76000,0x00007fc399b77000)]

Other Threads:
=>0x00007fc390079000 VMThread [stack: 0x00007fc37b3b2000,0x00007fc37b4b3000] [id=13777]
  0x00007fc3900ca000 WatcherThread [stack: 0x00007fc37a4c8000,0x00007fc37a5c9000] [id=13785]

VM state:at safepoint (normal execution)

VM Mutex/Monitor currently owned by a thread:  ([mutex/lock_event])
[0x00007fc390007a40] Threads_lock - owner thread: 0x00007fc390079000
[0x00007fc390007f40] Heap_lock - owner thread: 0x00007fc39000b800

Heap:
 PSYoungGen      total 25600K, used 2357K [0x00000000eab00000, 0x00000000ec680000, 0x0000000100000000)
  eden space 23040K, 0% used [0x00000000eab00000,0x00000000eab00000,0x00000000ec180000)
  from space 2560K, 92% used [0x00000000ec180000,0x00000000ec3cd468,0x00000000ec400000)
  to   space 2048K, 0% used [0x00000000ec480000,0x00000000ec480000,0x00000000ec680000)
 ParOldGen       total 63488K, used 12056K [0x00000000c0000000, 0x00000000c3e00000, 0x00000000eab00000)
  object space 63488K, 18% used [0x00000000c0000000,0x00000000c0bc6170,0x00000000c3e00000)
 Metaspace       used 4360K, capacity 5424K, committed 5632K, reserved 1056768K
  class space    used 458K, capacity 488K, committed 512K, reserved 1048576K

Card table byte_map: [0x00007fc396632000,0x00007fc396833000] byte_map_base: 0x00007fc396032000

Marking Bits: (ParMarkBitMap*) 0x00007fc398f48100
 Begin Bits: [0x00007fc3940d8000, 0x00007fc3950d8000)
 End Bits:   [0x00007fc3950d8000, 0x00007fc3960d8000)

Polling page: 0x00007fc399b90000

CodeCache: size=245760Kb used=3044Kb max_used=3044Kb free=242715Kb
 bounds [0x00007fc381000000, 0x00007fc381300000, 0x00007fc390000000]
 total_blobs=1202 nmethods=942 adapters=175
 compilation: enabled

Compilation events (10 events):
Event: 24.654 Thread 0x00007fc3900bc000  965       2       com.android.dx.io.instructions.InstructionCodec::unit0 (3 bytes)
Event: 24.654 Thread 0x00007fc3900bc000 nmethod 965 0x00007fc3812fb5d0 code [0x00007fc3812fb720, 0x00007fc3812fb850]
Event: 24.654 Thread 0x00007fc3900bc000  966       2       com.android.dx.io.instructions.InstructionCodec::access$800 (5 bytes)
Event: 24.654 Thread 0x00007fc3900bc000 nmethod 966 0x00007fc3812fb8d0 code [0x00007fc3812fba20, 0x00007fc3812fbb50]
Event: 24.654 Thread 0x00007fc3900bc000  967       2       com.android.dx.io.instructions.InstructionCodec::unit1 (6 bytes)
Event: 24.655 Thread 0x00007fc3900bc000 nmethod 967 0x00007fc3812fbbd0 code [0x00007fc3812fbd20, 0x00007fc3812fbe50]
Event: 24.657 Thread 0x00007fc3900bc000  968       1       com.android.dx.io.instructions.PackedSwitchPayloadDecodedInstruction::getTargets (5 bytes)
Event: 24.657 Thread 0x00007fc3900bc000 nmethod 968 0x00007fc3812fbed0 code [0x00007fc3812fc020, 0x00007fc3812fc130]
Event: 24.657 Thread 0x00007fc3900bc000  969       1       com.android.dx.io.instructions.PackedSwitchPayloadDecodedInstruction::getFirstKey (5 bytes)
Event: 24.657 Thread 0x00007fc3900bc000 nmethod 969 0x00007fc3812fc190 code [0x00007fc3812fc2e0, 0x00007fc3812fc3f0]

GC Heap History (10 events):
Event: 2.850 GC heap after
Heap after GC invocations=1 (full 0):
 PSYoungGen      total 17920K, used 2556K [0x00000000eab00000, 0x00000000ebf00000, 0x0000000100000000)
  eden space 15360K, 0% used [0x00000000eab00000,0x00000000eab00000,0x00000000eba00000)
  from space 2560K, 99% used [0x00000000eba00000,0x00000000ebc7f128,0x00000000ebc80000)
  to   space 2560K, 0% used [0x00000000ebc80000,0x00000000ebc80000,0x00000000ebf00000)
 ParOldGen       total 40960K, used 2126K [0x00000000c0000000, 0x00000000c2800000, 0x00000000eab00000)
  object space 40960K, 5% used [0x00000000c0000000,0x00000000c0213ba8,0x00000000c2800000)
 Metaspace       used 3489K, capacity 4720K, committed 4864K, reserved 1056768K
  class space    used 374K, capacity 424K, committed 512K, reserved 1048576K
}
Event: 3.081 GC heap before
{Heap before GC invocations=2 (full 0):
 PSYoungGen      total 17920K, used 17916K [0x00000000eab00000, 0x00000000ebf00000, 0x0000000100000000)
  eden space 15360K, 100% used [0x00000000eab00000,0x00000000eba00000,0x00000000eba00000)
  from space 2560K, 99% used [0x00000000eba00000,0x00000000ebc7f128,0x00000000ebc80000)
  to   space 2560K, 0% used [0x00000000ebc80000,0x00000000ebc80000,0x00000000ebf00000)
 ParOldGen       total 40960K, used 2126K [0x00000000c0000000, 0x00000000c2800000, 0x00000000eab00000)
  object space 40960K, 5% used [0x00000000c0000000,0x00000000c0213ba8,0x00000000c2800000)
 Metaspace       used 3781K, capacity 4944K, committed 5120K, reserved 1056768K
  class space    used 404K, capacity 456K, committed 512K, reserved 1048576K
Event: 3.099 GC heap after
Heap after GC invocations=2 (full 0):
 PSYoungGen      total 17920K, used 2543K [0x00000000eab00000, 0x00000000ece00000, 0x0000000100000000)
  eden space 15360K, 0% used [0x00000000eab00000,0x00000000eab00000,0x00000000eba00000)
  from space 2560K, 99% used [0x00000000ebc80000,0x00000000ebefbe10,0x00000000ebf00000)
  to   space 2560K, 0% used [0x00000000eba00000,0x00000000eba00000,0x00000000ebc80000)
 ParOldGen       total 40960K, used 26028K [0x00000000c0000000, 0x00000000c2800000, 0x00000000eab00000)
  object space 40960K, 63% used [0x00000000c0000000,0x00000000c196b190,0x00000000c2800000)
 Metaspace       used 3781K, capacity 4944K, committed 5120K, reserved 1056768K
  class space    used 404K, capacity 456K, committed 512K, reserved 1048576K
}
Event: 3.099 GC heap before
{Heap before GC invocations=3 (full 1):
 PSYoungGen      total 17920K, used 2543K [0x00000000eab00000, 0x00000000ece00000, 0x0000000100000000)
  eden space 15360K, 0% used [0x00000000eab00000,0x00000000eab00000,0x00000000eba00000)
  from space 2560K, 99% used [0x00000000ebc80000,0x00000000ebefbe10,0x00000000ebf00000)
  to   space 2560K, 0% used [0x00000000eba00000,0x00000000eba00000,0x00000000ebc80000)
 ParOldGen       total 40960K, used 26028K [0x00000000c0000000, 0x00000000c2800000, 0x00000000eab00000)
  object space 40960K, 63% used [0x00000000c0000000,0x00000000c196b190,0x00000000c2800000)
 Metaspace       used 3781K, capacity 4944K, committed 5120K, reserved 1056768K
  class space    used 404K, capacity 456K, committed 512K, reserved 1048576K
Event: 3.179 GC heap after
Heap after GC invocations=3 (full 1):
 PSYoungGen      total 17920K, used 0K [0x00000000eab00000, 0x00000000ece00000, 0x0000000100000000)
  eden space 15360K, 0% used [0x00000000eab00000,0x00000000eab00000,0x00000000eba00000)
  from space 2560K, 0% used [0x00000000ebc80000,0x00000000ebc80000,0x00000000ebf00000)
  to   space 2560K, 0% used [0x00000000eba00000,0x00000000eba00000,0x00000000ebc80000)
 ParOldGen       total 63488K, used 12032K [0x00000000c0000000, 0x00000000c3e00000, 0x00000000eab00000)
  object space 63488K, 18% used [0x00000000c0000000,0x00000000c0bc0170,0x00000000c3e00000)
 Metaspace       used 3781K, capacity 4944K, committed 5120K, reserved 1056768K
  class space    used 404K, capacity 456K, committed 512K, reserved 1048576K
}
Event: 3.381 GC heap before
{Heap before GC invocations=4 (full 1):
 PSYoungGen      total 17920K, used 15360K [0x00000000eab00000, 0x00000000ece00000, 0x0000000100000000)
  eden space 15360K, 100% used [0x00000000eab00000,0x00000000eba00000,0x00000000eba00000)
  from space 2560K, 0% used [0x00000000ebc80000,0x00000000ebc80000,0x00000000ebf00000)
  to   space 2560K, 0% used [0x00000000eba00000,0x00000000eba00000,0x00000000ebc80000)
 ParOldGen       total 63488K, used 12032K [0x00000000c0000000, 0x00000000c3e00000, 0x00000000eab00000)
  object space 63488K, 18% used [0x00000000c0000000,0x00000000c0bc0170,0x00000000c3e00000)
 Metaspace       used 3850K, capacity 5008K, committed 5120K, reserved 1056768K
  class space    used 409K, capacity 456K, committed 512K, reserved 1048576K
Event: 3.383 GC heap after
Heap after GC invocations=4 (full 1):
 PSYoungGen      total 17920K, used 512K [0x00000000eab00000, 0x00000000ec700000, 0x0000000100000000)
  eden space 15360K, 0% used [0x00000000eab00000,0x00000000eab00000,0x00000000eba00000)
  from space 2560K, 20% used [0x00000000eba00000,0x00000000eba80000,0x00000000ebc80000)
  to   space 2560K, 0% used [0x00000000ec480000,0x00000000ec480000,0x00000000ec700000)
 ParOldGen       total 63488K, used 12040K [0x00000000c0000000, 0x00000000c3e00000, 0x00000000eab00000)
  object space 63488K, 18% used [0x00000000c0000000,0x00000000c0bc2170,0x00000000c3e00000)
 Metaspace       used 3850K, capacity 5008K, committed 5120K, reserved 1056768K
  class space    used 409K, capacity 456K, committed 512K, reserved 1048576K
}
Event: 3.574 GC heap before
{Heap before GC invocations=5 (full 1):
 PSYoungGen      total 17920K, used 15872K [0x00000000eab00000, 0x00000000ec700000, 0x0000000100000000)
  eden space 15360K, 100% used [0x00000000eab00000,0x00000000eba00000,0x00000000eba00000)
  from space 2560K, 20% used [0x00000000eba00000,0x00000000eba80000,0x00000000ebc80000)
  to   space 2560K, 0% used [0x00000000ec480000,0x00000000ec480000,0x00000000ec700000)
 ParOldGen       total 63488K, used 12040K [0x00000000c0000000, 0x00000000c3e00000, 0x00000000eab00000)
  object space 63488K, 18% used [0x00000000c0000000,0x00000000c0bc2170,0x00000000c3e00000)
 Metaspace       used 3985K, capacity 5072K, committed 5376K, reserved 1056768K
  class space    used 415K, capacity 456K, committed 512K, reserved 1048576K
Event: 3.578 GC heap after
Heap after GC invocations=5 (full 1):
 PSYoungGen      total 25088K, used 1376K [0x00000000eab00000, 0x00000000ec680000, 0x0000000100000000)
  eden space 23040K, 0% used [0x00000000eab00000,0x00000000eab00000,0x00000000ec180000)
  from space 2048K, 67% used [0x00000000ec480000,0x00000000ec5d8000,0x00000000ec680000)
  to   space 2560K, 0% used [0x00000000ec180000,0x00000000ec180000,0x00000000ec400000)
 ParOldGen       total 63488K, used 12048K [0x00000000c0000000, 0x00000000c3e00000, 0x00000000eab00000)
  object space 63488K, 18% used [0x00000000c0000000,0x00000000c0bc4170,0x00000000c3e00000)
 Metaspace       used 3985K, capacity 5072K, committed 5376K, reserved 1056768K
  class space    used 415K, capacity 456K, committed 512K, reserved 1048576K
}
Event: 26.442 GC heap before
{Heap before GC invocations=6 (full 1):
 PSYoungGen      total 25088K, used 24416K [0x00000000eab00000, 0x00000000ec680000, 0x0000000100000000)
  eden space 23040K, 100% used [0x00000000eab00000,0x00000000ec180000,0x00000000ec180000)
  from space 2048K, 67% used [0x00000000ec480000,0x00000000ec5d8000,0x00000000ec680000)
  to   space 2560K, 0% used [0x00000000ec180000,0x00000000ec180000,0x00000000ec400000)
 ParOldGen       total 63488K, used 12048K [0x00000000c0000000, 0x00000000c3e00000, 0x00000000eab00000)
  object space 63488K, 18% used [0x00000000c0000000,0x00000000c0bc4170,0x00000000c3e00000)
 Metaspace       used 4360K, capacity 5424K, committed 5632K, reserved 1056768K
  class space    used 458K, capacity 488K, committed 512K, reserved 1048576K

Deoptimization events (10 events):
Event: 3.389 Thread 0x00007fc39000b800 Uncommon trap: reason=unstable_if action=reinterpret pc=0x00007fc3811b968c method=java.util.AbstractMap.isEmpty()Z @ 4
Event: 3.474 Thread 0x00007fc39000b800 Uncommon trap: reason=class_check action=maybe_recompile pc=0x00007fc3811ad654 method=com.android.dex.Leb128.readUnsignedLeb128(Lcom/android/dex/util/ByteInput;)I @ 5
Event: 3.474 Thread 0x00007fc39000b800 Uncommon trap: reason=class_check action=maybe_recompile pc=0x00007fc3811ad654 method=com.android.dex.Leb128.readUnsignedLeb128(Lcom/android/dex/util/ByteInput;)I @ 5
Event: 3.474 Thread 0x00007fc39000b800 Uncommon trap: reason=predicate action=maybe_recompile pc=0x00007fc3811ba238 method=com.android.dex.Leb128.writeUnsignedLeb128(Lcom/android/dex/util/ByteOutput;I)V @ 9
Event: 3.474 Thread 0x00007fc39000b800 Uncommon trap: reason=class_check action=maybe_recompile pc=0x00007fc3811ad654 method=com.android.dex.Leb128.readUnsignedLeb128(Lcom/android/dex/util/ByteInput;)I @ 5
Event: 3.474 Thread 0x00007fc39000b800 Uncommon trap: reason=class_check action=maybe_recompile pc=0x00007fc3811ad654 method=com.android.dex.Leb128.readUnsignedLeb128(Lcom/android/dex/util/ByteInput;)I @ 5
Event: 3.581 Thread 0x00007fc39000b800 Uncommon trap: reason=unstable_if action=reinterpret pc=0x00007fc38124aa58 method=com.android.dex.EncodedValueCodec.readUnsignedInt(Lcom/android/dex/util/ByteInput;IZ)I @ 3
Event: 24.157 Thread 0x00007fc39000b800 Uncommon trap: reason=unstable_if action=reinterpret pc=0x00007fc381216154 method=com.android.dx.merge.IndexMap.adjustString(I)I @ 2
Event: 24.158 Thread 0x00007fc39000b800 Uncommon trap: reason=unstable_if action=reinterpret pc=0x00007fc3812090fc method=java.util.HashMap.getNode(ILjava/lang/Object;)Ljava/util/HashMap$Node; @ 84
Event: 24.167 Thread 0x00007fc39000b800 Uncommon trap: reason=unstable_if action=reinterpret pc=0x00007fc3811f0f58 method=java.util.HashMap.getNode(ILjava/lang/Object;)Ljava/util/HashMap$Node; @ 84

Internal exceptions (2 events):
Event: 0.841 Thread 0x00007fc39000b800 Exception <a 'java/lang/NoSuchMethodError': Method sun.misc.Unsafe.defineClass(Ljava/lang/String;[BII)Ljava/lang/Class; name or signature does not match> (0x00000000eab12ab8) thrown at [/HUDSON3/workspace/8-2-build-linux-amd64/jdk8u73/6086/hotspot/src/sha
Event: 0.841 Thread 0x00007fc39000b800 Exception <a 'java/lang/NoSuchMethodError': Method sun.misc.Unsafe.prefetchRead(Ljava/lang/Object;J)V name or signature does not match> (0x00000000eab12da0) thrown at [/HUDSON3/workspace/8-2-build-linux-amd64/jdk8u73/6086/hotspot/src/share/vm/prims/jni.cp

Events (10 events):
Event: 24.167 Thread 0x00007fc39000b800 Uncommon trap: trap_request=0xffffff65 fr.pc=0x00007fc3811f0f58
Event: 24.167 Thread 0x00007fc39000b800 DEOPT PACKING pc=0x00007fc3811f0f58 sp=0x00007fc399b753f0
Event: 24.167 Thread 0x00007fc39000b800 DEOPT UNPACKING pc=0x00007fc381005229 sp=0x00007fc399b753a0 mode 2
Event: 24.310 Thread 0x00007fc39000b800 DEOPT PACKING pc=0x00007fc3811c991f sp=0x00007fc399b75200
Event: 24.310 Thread 0x00007fc39000b800 DEOPT UNPACKING pc=0x00007fc381047233 sp=0x00007fc399b74f60 mode 0
Event: 24.434 Thread 0x00007fc39000b800 DEOPT PACKING pc=0x00007fc3811c991f sp=0x00007fc399b75200
Event: 24.434 Thread 0x00007fc39000b800 DEOPT UNPACKING pc=0x00007fc381047233 sp=0x00007fc399b74f60 mode 0
Event: 24.519 Thread 0x00007fc39000b800 DEOPT PACKING pc=0x00007fc3811c991f sp=0x00007fc399b75200
Event: 24.519 Thread 0x00007fc39000b800 DEOPT UNPACKING pc=0x00007fc381047233 sp=0x00007fc399b74f60 mode 0
Event: 24.783 Executing VM operation: ParallelGCFailedAllocation


Dynamic libraries:
00400000-00401000 r-xp 00000000 08:07 4326732                            /opt/jdk/jdk1.8.0_73/bin/java
00600000-00601000 rw-p 00000000 08:07 4326732                            /opt/jdk/jdk1.8.0_73/bin/java
0107f000-010a0000 rw-p 00000000 00:00 0                                  [heap]
c0000000-c3e00000 rw-p 00000000 00:00 0 
c3e00000-eab00000 ---p 00000000 00:00 0 
eab00000-ec680000 rw-p 00000000 00:00 0 
f0300000-100000000 ---p 00000000 00:00 0 
100000000-100080000 rw-p 00000000 00:00 0 
100080000-140000000 ---p 00000000 00:00 0 
7fc344000000-7fc344021000 rw-p 00000000 00:00 0 
7fc344021000-7fc348000000 ---p 00000000 00:00 0 
7fc348000000-7fc348021000 rw-p 00000000 00:00 0 
7fc348021000-7fc34c000000 ---p 00000000 00:00 0 
7fc34c000000-7fc34c8bb000 rw-p 00000000 00:00 0 
7fc34c8bb000-7fc350000000 ---p 00000000 00:00 0 
7fc350000000-7fc350378000 rw-p 00000000 00:00 0 
7fc350378000-7fc354000000 ---p 00000000 00:00 0 
7fc354000000-7fc354021000 rw-p 00000000 00:00 0 
7fc354021000-7fc358000000 ---p 00000000 00:00 0 
7fc358000000-7fc358805000 rw-p 00000000 00:00 0 
7fc358805000-7fc35c000000 ---p 00000000 00:00 0 
7fc35c000000-7fc35c021000 rw-p 00000000 00:00 0 
7fc35c021000-7fc360000000 ---p 00000000 00:00 0 
7fc360000000-7fc360021000 rw-p 00000000 00:00 0 
7fc360021000-7fc364000000 ---p 00000000 00:00 0 
7fc364000000-7fc364021000 rw-p 00000000 00:00 0 
7fc364021000-7fc368000000 ---p 00000000 00:00 0 
7fc368000000-7fc36828c000 rw-p 00000000 00:00 0 
7fc36828c000-7fc36c000000 ---p 00000000 00:00 0 
7fc36c000000-7fc36c021000 rw-p 00000000 00:00 0 
7fc36c021000-7fc370000000 ---p 00000000 00:00 0 
7fc374000000-7fc374021000 rw-p 00000000 00:00 0 
7fc374021000-7fc378000000 ---p 00000000 00:00 0 
7fc37a4c8000-7fc37a4c9000 ---p 00000000 00:00 0 
7fc37a4c9000-7fc37a5c9000 rw-p 00000000 00:00 0                          [stack:13785]
7fc37a5c9000-7fc37a5cc000 ---p 00000000 00:00 0 
7fc37a5cc000-7fc37a6ca000 rw-p 00000000 00:00 0                          [stack:13784]
7fc37a6ca000-7fc37a6cd000 ---p 00000000 00:00 0 
7fc37a6cd000-7fc37a7cb000 rw-p 00000000 00:00 0                          [stack:13783]
7fc37a7cb000-7fc37a7ce000 ---p 00000000 00:00 0 
7fc37a7ce000-7fc37a8cc000 rw-p 00000000 00:00 0                          [stack:13782]
7fc37a8cc000-7fc37a8cf000 ---p 00000000 00:00 0 
7fc37a8cf000-7fc37a9cd000 rw-p 00000000 00:00 0                          [stack:13781]
7fc37a9cd000-7fc37a9d0000 ---p 00000000 00:00 0 
7fc37a9d0000-7fc37aace000 rw-p 00000000 00:00 0                          [stack:13780]
7fc37aace000-7fc37b1b0000 r--p 00000000 08:07 4987989                    /usr/lib/locale/locale-archive
7fc37b1b0000-7fc37b1b3000 ---p 00000000 00:00 0 
7fc37b1b3000-7fc37b2b1000 rw-p 00000000 00:00 0                          [stack:13779]
7fc37b2b1000-7fc37b2b4000 ---p 00000000 00:00 0 
7fc37b2b4000-7fc37b3b2000 rw-p 00000000 00:00 0                          [stack:13778]
7fc37b3b2000-7fc37b3b3000 ---p 00000000 00:00 0 
7fc37b3b3000-7fc37c000000 rw-p 00000000 00:00 0                          [stack:13777]
7fc37c000000-7fc37c021000 rw-p 00000000 00:00 0 
7fc37c021000-7fc380000000 ---p 00000000 00:00 0 
7fc380003000-7fc380428000 rw-p 00000000 00:00 0 
7fc380428000-7fc380600000 r--s 03d23000 08:07 4326808                    /opt/jdk/jdk1.8.0_73/jre/lib/rt.jar
7fc380600000-7fc380b00000 rw-p 00000000 00:00 0 
7fc380b00000-7fc380e00000 ---p 00000000 00:00 0 
7fc380e00000-7fc381000000 rw-p 00000000 00:00 0 
7fc381000000-7fc381300000 rwxp 00000000 00:00 0 
7fc381300000-7fc390000000 ---p 00000000 00:00 0 
7fc390000000-7fc39039b000 rw-p 00000000 00:00 0 
7fc39039b000-7fc394000000 ---p 00000000 00:00 0 
7fc394004000-7fc394013000 r--s 000df000 08:07 3277810                    /home/shradha/Android/Sdk/build-tools/23.0.2/lib/dx.jar
7fc394013000-7fc3960d8000 rw-p 00000000 00:00 0 
7fc3960d8000-7fc3960d9000 ---p 00000000 00:00 0 
7fc3960d9000-7fc3961d9000 rw-p 00000000 00:00 0                          [stack:13776]
7fc3961d9000-7fc3961da000 ---p 00000000 00:00 0 
7fc3961da000-7fc3962da000 rw-p 00000000 00:00 0                          [stack:13775]
7fc3962da000-7fc3962db000 ---p 00000000 00:00 0 
7fc3962db000-7fc3963db000 rw-p 00000000 00:00 0                          [stack:13774]
7fc3963db000-7fc3963dc000 ---p 00000000 00:00 0 
7fc3963dc000-7fc3964fb000 rw-p 00000000 00:00 0                          [stack:13773]
7fc3964fb000-7fc396632000 ---p 00000000 00:00 0 
7fc396632000-7fc396651000 rw-p 00000000 00:00 0 
7fc396651000-7fc396787000 ---p 00000000 00:00 0 
7fc396787000-7fc396796000 rw-p 00000000 00:00 0 
7fc396796000-7fc396832000 ---p 00000000 00:00 0 
7fc396832000-7fc39683f000 rw-p 00000000 00:00 0 
7fc39683f000-7fc396bf3000 ---p 00000000 00:00 0 
7fc396bf3000-7fc396c0d000 r-xp 00000000 08:07 4326837                    /opt/jdk/jdk1.8.0_73/jre/lib/amd64/libzip.so
7fc396c0d000-7fc396e0d000 ---p 0001a000 08:07 4326837                    /opt/jdk/jdk1.8.0_73/jre/lib/amd64/libzip.so
7fc396e0d000-7fc396e0e000 rw-p 0001a000 08:07 4326837                    /opt/jdk/jdk1.8.0_73/jre/lib/amd64/libzip.so
7fc396e0e000-7fc396e19000 r-xp 00000000 08:07 4067352                    /lib/x86_64-linux-gnu/libnss_files-2.19.so
7fc396e19000-7fc397018000 ---p 0000b000 08:07 4067352                    /lib/x86_64-linux-gnu/libnss_files-2.19.so
7fc397018000-7fc397019000 r--p 0000a000 08:07 4067352                    /lib/x86_64-linux-gnu/libnss_files-2.19.so
7fc397019000-7fc39701a000 rw-p 0000b000 08:07 4067352                    /lib/x86_64-linux-gnu/libnss_files-2.19.so
7fc39701a000-7fc397025000 r-xp 00000000 08:07 4067362                    /lib/x86_64-linux-gnu/libnss_nis-2.19.so
7fc397025000-7fc397224000 ---p 0000b000 08:07 4067362                    /lib/x86_64-linux-gnu/libnss_nis-2.19.so
7fc397224000-7fc397225000 r--p 0000a000 08:07 4067362                    /lib/x86_64-linux-gnu/libnss_nis-2.19.so
7fc397225000-7fc397226000 rw-p 0000b000 08:07 4067362                    /lib/x86_64-linux-gnu/libnss_nis-2.19.so
7fc397226000-7fc39723d000 r-xp 00000000 08:07 4067346                    /lib/x86_64-linux-gnu/libnsl-2.19.so
7fc39723d000-7fc39743c000 ---p 00017000 08:07 4067346                    /lib/x86_64-linux-gnu/libnsl-2.19.so
7fc39743c000-7fc39743d000 r--p 00016000 08:07 4067346                    /lib/x86_64-linux-gnu/libnsl-2.19.so
7fc39743d000-7fc39743e000 rw-p 00017000 08:07 4067346                    /lib/x86_64-linux-gnu/libnsl-2.19.so
7fc39743e000-7fc397440000 rw-p 00000000 00:00 0 
7fc397440000-7fc397449000 r-xp 00000000 08:07 4067348                    /lib/x86_64-linux-gnu/libnss_compat-2.19.so
7fc397449000-7fc397648000 ---p 00009000 08:07 4067348                    /lib/x86_64-linux-gnu/libnss_compat-2.19.so
7fc397648000-7fc397649000 r--p 00008000 08:07 4067348                    /lib/x86_64-linux-gnu/libnss_compat-2.19.so
7fc397649000-7fc39764a000 rw-p 00009000 08:07 4067348                    /lib/x86_64-linux-gnu/libnss_compat-2.19.so
7fc39764a000-7fc397674000 r-xp 00000000 08:07 4326863                    /opt/jdk/jdk1.8.0_73/jre/lib/amd64/libjava.so
7fc397674000-7fc397874000 ---p 0002a000 08:07 4326863                    /opt/jdk/jdk1.8.0_73/jre/lib/amd64/libjava.so
7fc397874000-7fc397876000 rw-p 0002a000 08:07 4326863                    /opt/jdk/jdk1.8.0_73/jre/lib/amd64/libjava.so
7fc397876000-7fc397883000 r-xp 00000000 08:07 4326817                    /opt/jdk/jdk1.8.0_73/jre/lib/amd64/libverify.so
7fc397883000-7fc397a83000 ---p 0000d000 08:07 4326817                    /opt/jdk/jdk1.8.0_73/jre/lib/amd64/libverify.so
7fc397a83000-7fc397a85000 rw-p 0000d000 08:07 4326817                    /opt/jdk/jdk1.8.0_73/jre/lib/amd64/libverify.so
7fc397a85000-7fc397a8c000 r-xp 00000000 08:07 4067405                    /lib/x86_64-linux-gnu/librt-2.19.so
7fc397a8c000-7fc397c8b000 ---p 00007000 08:07 4067405                    /lib/x86_64-linux-gnu/librt-2.19.so
7fc397c8b000-7fc397c8c000 r--p 00006000 08:07 4067405                    /lib/x86_64-linux-gnu/librt-2.19.so
7fc397c8c000-7fc397c8d000 rw-p 00007000 08:07 4067405                    /lib/x86_64-linux-gnu/librt-2.19.so
7fc397c8d000-7fc397d92000 r-xp 00000000 08:07 4067327                    /lib/x86_64-linux-gnu/libm-2.19.so
7fc397d92000-7fc397f91000 ---p 00105000 08:07 4067327                    /lib/x86_64-linux-gnu/libm-2.19.so
7fc397f91000-7fc397f92000 r--p 00104000 08:07 4067327                    /lib/x86_64-linux-gnu/libm-2.19.so
7fc397f92000-7fc397f93000 rw-p 00105000 08:07 4067327                    /lib/x86_64-linux-gnu/libm-2.19.so
7fc397f93000-7fc398c52000 r-xp 00000000 08:07 4326867                    /opt/jdk/jdk1.8.0_73/jre/lib/amd64/server/libjvm.so
7fc398c52000-7fc398e51000 ---p 00cbf000 08:07 4326867                    /opt/jdk/jdk1.8.0_73/jre/lib/amd64/server/libjvm.so
7fc398e51000-7fc398f2a000 rw-p 00cbe000 08:07 4326867                    /opt/jdk/jdk1.8.0_73/jre/lib/amd64/server/libjvm.so
7fc398f2a000-7fc398f73000 rw-p 00000000 00:00 0 
7fc398f73000-7fc39912f000 r-xp 00000000 08:07 4067277                    /lib/x86_64-linux-gnu/libc-2.19.so
7fc39912f000-7fc39932e000 ---p 001bc000 08:07 4067277                    /lib/x86_64-linux-gnu/libc-2.19.so
7fc39932e000-7fc399332000 r--p 001bb000 08:07 4067277                    /lib/x86_64-linux-gnu/libc-2.19.so
7fc399332000-7fc399334000 rw-p 001bf000 08:07 4067277                    /lib/x86_64-linux-gnu/libc-2.19.so
7fc399334000-7fc399339000 rw-p 00000000 00:00 0 
7fc399339000-7fc39933c000 r-xp 00000000 08:07 4067294                    /lib/x86_64-linux-gnu/libdl-2.19.so
7fc39933c000-7fc39953b000 ---p 00003000 08:07 4067294                    /lib/x86_64-linux-gnu/libdl-2.19.so
7fc39953b000-7fc39953c000 r--p 00002000 08:07 4067294                    /lib/x86_64-linux-gnu/libdl-2.19.so
7fc39953c000-7fc39953d000 rw-p 00003000 08:07 4067294                    /lib/x86_64-linux-gnu/libdl-2.19.so
7fc39953d000-7fc399552000 r-xp 00000000 08:07 4325951                    /opt/jdk/jdk1.8.0_73/lib/amd64/jli/libjli.so
7fc399552000-7fc399752000 ---p 00015000 08:07 4325951                    /opt/jdk/jdk1.8.0_73/lib/amd64/jli/libjli.so
7fc399752000-7fc399753000 rw-p 00015000 08:07 4325951                    /opt/jdk/jdk1.8.0_73/lib/amd64/jli/libjli.so
7fc399753000-7fc39976c000 r-xp 00000000 08:07 4067397                    /lib/x86_64-linux-gnu/libpthread-2.19.so
7fc39976c000-7fc39996b000 ---p 00019000 08:07 4067397                    /lib/x86_64-linux-gnu/libpthread-2.19.so
7fc39996b000-7fc39996c000 r--p 00018000 08:07 4067397                    /lib/x86_64-linux-gnu/libpthread-2.19.so
7fc39996c000-7fc39996d000 rw-p 00019000 08:07 4067397                    /lib/x86_64-linux-gnu/libpthread-2.19.so
7fc39996d000-7fc399971000 rw-p 00000000 00:00 0 
7fc399971000-7fc399994000 r-xp 00000000 08:07 4067253                    /lib/x86_64-linux-gnu/ld-2.19.so
7fc39999d000-7fc399a76000 rw-p 00000000 00:00 0 
7fc399a76000-7fc399a79000 ---p 00000000 00:00 0 
7fc399a79000-7fc399b7b000 rw-p 00000000 00:00 0                          [stack:13772]
7fc399b86000-7fc399b87000 rw-p 00000000 00:00 0 
7fc399b87000-7fc399b8f000 rw-s 00000000 08:07 270639                     /tmp/hsperfdata_shradha/13767
7fc399b8f000-7fc399b90000 rw-p 00000000 00:00 0 
7fc399b90000-7fc399b91000 ---p 00000000 00:00 0 
7fc399b91000-7fc399b93000 rw-p 00000000 00:00 0 
7fc399b93000-7fc399b94000 r--p 00022000 08:07 4067253                    /lib/x86_64-linux-gnu/ld-2.19.so
7fc399b94000-7fc399b95000 rw-p 00023000 08:07 4067253                    /lib/x86_64-linux-gnu/ld-2.19.so
7fc399b95000-7fc399b96000 rw-p 00000000 00:00 0 
7fff3efb8000-7fff3efda000 rw-p 00000000 00:00 0                          [stack]
7fff3effe000-7fff3f000000 r-xp 00000000 00:00 0                          [vdso]
ffffffffff600000-ffffffffff601000 r-xp 00000000 00:00 0                  [vsyscall]

VM Arguments:
jvm_args: -Djava.awt.headless=true -Xmx1024M -Dfile.encoding=UTF-8 -Duser.country=IN -Duser.language=en -Duser.variant 
java_command: com.android.dx.command.Main --dex --num-threads=4 --output /home/shradha/AndroidStudioProjects/ThePolicyKart2/app/build/intermediates/transforms/dex/debug/folders/1000/1f/main /home/shradha/AndroidStudioProjects/ThePolicyKart2/app/build/intermediates/pre-dexed/debug/com.android.support-cardview-v7-23.2.0_4c7046b5d3ed23b86412ef0ec3316c23538390a9.jar /home/shradha/AndroidStudioProjects/ThePolicyKart2/app/build/intermediates/pre-dexed/debug/com.android.support-support-v4-23.2.0_0b5c3f6acf952e18f7eb7dbdf83d160873ebe0ac.jar /home/shradha/AndroidStudioProjects/ThePolicyKart2/app/build/intermediates/pre-dexed/debug/android-async-http-1.4.9_cf48500670e1e9ff664e334b019ee6a210923279.jar /home/shradha/AndroidStudioProjects/ThePolicyKart2/app/build/intermediates/pre-dexed/debug/com.google.android.gms-play-services-basement-8.4.0_0e67224335227d7947f9bba80542150e0b36697a.jar /home/shradha/AndroidStudioProjects/ThePolicyKart2/app/build/intermediates/pre-dexed/debug/internal_impl-23.2.0_f8771e655f34c82b88179beb93db212f777282c9.jar /home/shradha/AndroidStudioProjects/ThePolicyKart2/app/build/intermediates/pre-dexed/debug/com.facebook.android-facebook-android-sdk-4.10.1_196f7ae0594525c0c31ea7aa7ec90daa9f295e54.jar /home/shradha/AndroidStudioProjects/ThePolicyKart2/app/build/intermediates/pre-dexed/debug/com.google.android.gms-play-services-auth-8.4.0_ac1c2314e476918af05aa3e9cbfe3139e256f3ab.jar /home/shradha/AndroidStudioProjects/ThePolicyKart2/app/build/intermediates/pre-dexed/debug/support-annotations-23.2.0_a9cc4513e66918ecb2df8d0df3211bbcd23d8525.jar /home/shradha/AndroidStudioProjects/ThePolicyKart2/app/build/intermediates/pre-dexed/debug/com.google.android.gms-play-services-base-8.4.0_f3f297865a0cdc0fbb7ae3e81730bae282926e30.jar /home/shradha/AndroidStudioProjects/ThePolicyKart2/app/build/intermediates/pre-dexed/debug/bolts-applinks-1.3.0_f4f6363b8bca9ec9b51c10abbbbe6293cef5294d.jar /home/shradha/AndroidStudioProjects/ThePolicyKart2/app/build/intermediates/pre-d
java_class_path (initial): /home/shradha/Android/Sdk/build-tools/23.0.2/lib/dx.jar
Launcher Type: SUN_STANDARD

Environment Variables:
PATH=/usr/local/sbin:/usr/local/bin:/usr/sbin:/usr/bin:/sbin:/bin:/usr/games:/usr/local/games
SHELL=/bin/bash
DISPLAY=:0

Signal Handlers:
SIGSEGV: [libjvm.so+0xabafa0], sa_mask[0]=11111111011111111101111111111110, sa_flags=SA_RESTART|SA_SIGINFO
SIGBUS: [libjvm.so+0xabafa0], sa_mask[0]=11111111011111111101111111111110, sa_flags=SA_RESTART|SA_SIGINFO
SIGFPE: [libjvm.so+0x9183c0], sa_mask[0]=11111111011111111101111111111110, sa_flags=SA_RESTART|SA_SIGINFO
SIGPIPE: [libjvm.so+0x9183c0], sa_mask[0]=11111111011111111101111111111110, sa_flags=SA_RESTART|SA_SIGINFO
SIGXFSZ: [libjvm.so+0x9183c0], sa_mask[0]=11111111011111111101111111111110, sa_flags=SA_RESTART|SA_SIGINFO
SIGILL: [libjvm.so+0x9183c0], sa_mask[0]=11111111011111111101111111111110, sa_flags=SA_RESTART|SA_SIGINFO
SIGUSR1: SIG_DFL, sa_mask[0]=00000000000000000000000000000000, sa_flags=none
SIGUSR2: [libjvm.so+0x9199f0], sa_mask[0]=00100000000000000000000000000000, sa_flags=SA_RESTART|SA_SIGINFO
SIGHUP: [libjvm.so+0x91adf0], sa_mask[0]=11111111011111111101111111111110, sa_flags=SA_RESTART|SA_SIGINFO
SIGINT: [libjvm.so+0x91adf0], sa_mask[0]=11111111011111111101111111111110, sa_flags=SA_RESTART|SA_SIGINFO
SIGTERM: [libjvm.so+0x91adf0], sa_mask[0]=11111111011111111101111111111110, sa_flags=SA_RESTART|SA_SIGINFO
SIGQUIT: [libjvm.so+0x91adf0], sa_mask[0]=11111111011111111101111111111110, sa_flags=SA_RESTART|SA_SIGINFO


---------------  S Y S T E M  ---------------

OS:DISTRIB_ID=Ubuntu
DISTRIB_RELEASE=14.04
DISTRIB_CODENAME=trusty
DISTRIB_DESCRIPTION="Ubuntu 14.04.1 LTS"

uname:Linux 3.13.0-32-generic #57-Ubuntu SMP Tue Jul 15 03:51:08 UTC 2014 x86_64
libc:glibc 2.19 NPTL 2.19 
rlimit: STACK 8192k, CORE 0k, NPROC 29863, NOFILE 4096, AS infinity
load average:5.88 2.21 1.11

/proc/meminfo:
MemTotal:        3844096 kB
MemFree:          110148 kB
Buffers:             344 kB
Cached:           491840 kB
SwapCached:            0 kB
Active:          3081500 kB
Inactive:         482056 kB
Active(anon):    3075856 kB
Inactive(anon):   444504 kB
Active(file):       5644 kB
Inactive(file):    37552 kB
Unevictable:           0 kB
Mlocked:               0 kB
SwapTotal:             0 kB
SwapFree:              0 kB
Dirty:               400 kB
Writeback:             0 kB
AnonPages:       3072072 kB
Mapped:           151212 kB
Shmem:            448288 kB
Slab:              66636 kB
SReclaimable:      32528 kB
SUnreclaim:        34108 kB
KernelStack:        4624 kB
PageTables:        36496 kB
NFS_Unstable:          0 kB
Bounce:                0 kB
WritebackTmp:          0 kB
CommitLimit:     1922048 kB
Committed_AS:    6728072 kB
VmallocTotal:   34359738367 kB
VmallocUsed:      544192 kB
VmallocChunk:   34359185948 kB
HardwareCorrupted:     0 kB
AnonHugePages:    464896 kB
HugePages_Total:       0
HugePages_Free:        0
HugePages_Rsvd:        0
HugePages_Surp:        0
Hugepagesize:       2048 kB
DirectMap4k:       75000 kB
DirectMap2M:     3913728 kB


CPU:total 4 (2 cores per cpu, 2 threads per core) family 6 model 37 stepping 5, cmov, cx8, fxsr, mmx, sse, sse2, sse3, ssse3, sse4.1, sse4.2, popcnt, ht, tsc, tscinvbit

/proc/cpuinfo:
processor	: 0
vendor_id	: GenuineIntel
cpu family	: 6
model		: 37
model name	: Intel(R) Core(TM) i3 CPU       M 370  @ 2.40GHz
stepping	: 5
microcode	: 0x2
cpu MHz		: 1066.000
cache size	: 3072 KB
physical id	: 0
siblings	: 4
core id		: 0
cpu cores	: 2
apicid		: 0
initial apicid	: 0
fpu		: yes
fpu_exception	: yes
cpuid level	: 11
wp		: yes
flags		: fpu vme de pse tsc msr pae mce cx8 apic sep mtrr pge mca cmov pat pse36 clflush dts acpi mmx fxsr sse sse2 ss ht tm pbe syscall nx rdtscp lm constant_tsc arch_perfmon pebs bts rep_good nopl xtopology nonstop_tsc aperfmperf pni dtes64 monitor ds_cpl vmx est tm2 ssse3 cx16 xtpr pdcm pcid sse4_1 sse4_2 popcnt lahf_lm arat dtherm tpr_shadow vnmi flexpriority ept vpid
bogomips	: 4787.82
clflush size	: 64
cache_alignment	: 64
address sizes	: 36 bits physical, 48 bits virtual
power management:

processor	: 1
vendor_id	: GenuineIntel
cpu family	: 6
model		: 37
model name	: Intel(R) Core(TM) i3 CPU       M 370  @ 2.40GHz
stepping	: 5
microcode	: 0x2
cpu MHz		: 2399.000
cache size	: 3072 KB
physical id	: 0
siblings	: 4
core id		: 0
cpu cores	: 2
apicid		: 1
initial apicid	: 1
fpu		: yes
fpu_exception	: yes
cpuid level	: 11
wp		: yes
flags		: fpu vme de pse tsc msr pae mce cx8 apic sep mtrr pge mca cmov pat pse36 clflush dts acpi mmx fxsr sse sse2 ss ht tm pbe syscall nx rdtscp lm constant_tsc arch_perfmon pebs bts rep_good nopl xtopology nonstop_tsc aperfmperf pni dtes64 monitor ds_cpl vmx est tm2 ssse3 cx16 xtpr pdcm pcid sse4_1 sse4_2 popcnt lahf_lm arat dtherm tpr_shadow vnmi flexpriority ept vpid
bogomips	: 4787.82
clflush size	: 64
cache_alignment	: 64
address sizes	: 36 bits physical, 48 bits virtual
power management:

processor	: 2
vendor_id	: GenuineIntel
cpu family	: 6
model		: 37
model name	: Intel(R) Core(TM) i3 CPU       M 370  @ 2.40GHz
stepping	: 5
microcode	: 0x2
cpu MHz		: 1866.000
cache size	: 3072 KB
physical id	: 0
siblings	: 4
core id		: 2
cpu cores	: 2
apicid		: 4
initial apicid	: 4
fpu		: yes
fpu_exception	: yes
cpuid level	: 11
wp		: yes
flags		: fpu vme de pse tsc msr pae mce cx8 apic sep mtrr pge mca cmov pat pse36 clflush dts acpi mmx fxsr sse sse2 ss ht tm pbe syscall nx rdtscp lm constant_tsc arch_perfmon pebs bts rep_good nopl xtopology nonstop_tsc aperfmperf pni dtes64 monitor ds_cpl vmx est tm2 ssse3 cx16 xtpr pdcm pcid sse4_1 sse4_2 popcnt lahf_lm arat dtherm tpr_shadow vnmi flexpriority ept vpid
bogomips	: 4787.82
clflush size	: 64
cache_alignment	: 64
address sizes	: 36 bits physical, 48 bits virtual
power management:

processor	: 3
vendor_id	: GenuineIntel
cpu family	: 6
model		: 37
model name	: Intel(R) Core(TM) i3 CPU       M 370  @ 2.40GHz
stepping	: 5
microcode	: 0x2
cpu MHz		: 2399.000
cache size	: 3072 KB
physical id	: 0
siblings	: 4
core id		: 2
cpu cores	: 2
apicid		: 5
initial apicid	: 5
fpu		: yes
fpu_exception	: yes
cpuid level	: 11
wp		: yes
flags		: fpu vme de pse tsc msr pae mce cx8 apic sep mtrr pge mca cmov pat pse36 clflush dts acpi mmx fxsr sse sse2 ss ht tm pbe syscall nx rdtscp lm constant_tsc arch_perfmon pebs bts rep_good nopl xtopology nonstop_tsc aperfmperf pni dtes64 monitor ds_cpl vmx est tm2 ssse3 cx16 xtpr pdcm pcid sse4_1 sse4_2 popcnt lahf_lm arat dtherm tpr_shadow vnmi flexpriority ept vpid
bogomips	: 4787.82
clflush size	: 64
cache_alignment	: 64
address sizes	: 36 bits physical, 48 bits virtual
power management:



Memory: 4k page, physical 3844096k(110148k free), swap 0k(0k free)

vm_info: Java HotSpot(TM) 64-Bit Server VM (25.73-b02) for linux-amd64 JRE (1.8.0_73-b02), built on Jan 29 2016 17:39:45 by "java_re" with gcc 4.3.0 20080428 (Red Hat 4.3.0-8)

time: Sat Apr  9 13:20:12 2016
elapsed time: 41 seconds (0d 0h 0m 41s)

